2021-12-02 17:46:10,916 - 691009 - SETTINGS - Override dict (utils.py:23)
2021-12-02 17:46:10,917 - 691009 - INFO - {
    "name": "sum_mono"
} (utils.py:24)
2021-12-02 17:46:10,917 - 691009 - SETTINGS - trainor (utils.py:29)
2021-12-02 17:46:10,917 - 691009 - INFO - {
    "batch_size": 4,
    "early_stop": 10,
    "early_stop_metric": "ROUGE2",
    "epochs": 99,
    "eval_start": 0,
    "lr_decay": "ReduceLROnPlateau",
    "lr_decay_params": {
        "factor": 0.8,
        "min_lr": 1e-06,
        "patience": 1,
        "threshold_mode": "abs"
    },
    "optim_params": {
        "lr": 5e-05,
        "weight_decay": 0.0
    },
    "optimizer": "RAdam"
} (utils.py:30)
2021-12-02 17:46:10,917 - 691009 - SETTINGS - validator (utils.py:29)
2021-12-02 17:46:10,917 - 691009 - INFO - {
    "batch_size": 4,
    "beam_width": 8,
    "metrics": [
        "ROUGEL",
        "ROUGE2",
        "BLEU"
    ],
    "splits": [
        "validate"
    ]
} (utils.py:30)
2021-12-02 17:46:13,122 - 691009 - SETTINGS - DataLoader (utils.py:86)
2021-12-02 17:46:13,122 - 691009 - INFO - Seq2Seq
TextDataset
{
    "source": "src",
    "root": "data/RRS/mimic-cxr/",
    "file": "findings.tok",
    "max_len": 250,
    "Tokenizer": {
        "name_or_path": "data/RRS/huggingface/biomed_roberta_base",
        "vocab_size": 50265,
        "tokenizer_args": {
            "return_tensors": "pt",
            "padding": "max_length",
            "add_special_tokens": false,
            "truncation": true,
            "max_length": 128
        },
        "special_tokens": {
            "bos_token": "<s>",
            "eos_token": "</s>",
            "unk_token": "<unk>",
            "sep_token": "</s>",
            "pad_token": "<pad>",
            "cls_token": "<s>",
            "mask_token": "<mask>"
        }
    }
}
TextDataset
{
    "source": "tgt",
    "root": "data/RRS/mimic-cxr/",
    "file": "impression.tok",
    "max_len": 250,
    "Tokenizer": {
        "name_or_path": "data/RRS/huggingface/biomed_roberta_base",
        "vocab_size": 50265,
        "tokenizer_args": {
            "return_tensors": "pt",
            "padding": "max_length",
            "truncation": true,
            "max_length": 80
        },
        "special_tokens": {
            "bos_token": "<s>",
            "eos_token": "</s>",
            "unk_token": "<unk>",
            "sep_token": "</s>",
            "pad_token": "<pad>",
            "cls_token": "<s>",
            "mask_token": "<mask>"
        }
    }
} (utils.py:87)
2021-12-02 17:46:13,123 - 691009 - INFO - UsingRandomSampler (utils.py:93)
